/home/ivan/Desktop/Symbols/Porfolios/trading-strategy-dashboard/venv/lib/python3.12/site-packages/pydantic/_internal/_config.py:383: UserWarning: Valid config keys have changed in V2:
* 'json_loads' has been removed
  warnings.warn(message, UserWarning)
INFO:     Started server process [968933]
INFO:     Waiting for application startup.
INFO:     Application startup complete.
INFO:     Uvicorn running on http://0.0.0.0:8027 (Press CTRL+C to quit)
INFO:     127.0.0.1:56892 - "HEAD / HTTP/1.1" 405 Method Not Allowed
INFO:     127.0.0.1:56908 - "GET / HTTP/1.1" 200 OK
INFO:     127.0.0.1:56908 - "GET /src/main.js HTTP/1.1" 200 OK
INFO:     127.0.0.1:56908 - "GET /src/events.js HTTP/1.1" 200 OK
INFO:     127.0.0.1:56918 - "GET /src/modules/viewManager.js HTTP/1.1" 200 OK
INFO:     127.0.0.1:56918 - "GET /src/dom.js HTTP/1.1" 200 OK
INFO:     127.0.0.1:56908 - "GET /src/state.js HTTP/1.1" 200 OK
INFO:     127.0.0.1:56928 - "GET /src/ui.js HTTP/1.1" 200 OK
INFO:     127.0.0.1:56940 - "GET /src/modules/databank.js HTTP/1.1" 200 OK
INFO:     127.0.0.1:56926 - "GET /src/analysis.js HTTP/1.1" 200 OK
INFO:     127.0.0.1:56954 - "GET /src/modules/optimization.js HTTP/1.1" 200 OK
INFO:     127.0.0.1:56908 - "GET /src/modules/notifications.js HTTP/1.1" 200 OK
INFO:     127.0.0.1:56918 - "GET /src/modules/importExport.js HTTP/1.1" 200 OK
INFO:     127.0.0.1:56940 - "GET /src/config.js HTTP/1.1" 200 OK
INFO:     127.0.0.1:56928 - "GET /src/modules/layout.js HTTP/1.1" 200 OK
INFO:     127.0.0.1:56918 - "GET /src/utils.js HTTP/1.1" 200 OK
INFO:     127.0.0.1:56918 - "GET /favicon.ico HTTP/1.1" 404 Not Found
/home/ivan/Desktop/Symbols/Porfolios/trading-strategy-dashboard/analysis_engine.py:137: FutureWarning: 'M' is deprecated and will be removed in a future version, please use 'ME' instead.
  monthly_pnl = equity_curve['pnl'].resample('M').sum()
/home/ivan/Desktop/Symbols/Porfolios/trading-strategy-dashboard/analysis_engine.py:137: FutureWarning: 'M' is deprecated and will be removed in a future version, please use 'ME' instead.
  monthly_pnl = equity_curve['pnl'].resample('M').sum()
/home/ivan/Desktop/Symbols/Porfolios/trading-strategy-dashboard/analysis_engine.py:137: FutureWarning: 'M' is deprecated and will be removed in a future version, please use 'ME' instead.
  monthly_pnl = equity_curve['pnl'].resample('M').sum()
/home/ivan/Desktop/Symbols/Porfolios/trading-strategy-dashboard/analysis_engine.py:137: FutureWarning: 'M' is deprecated and will be removed in a future version, please use 'ME' instead.
  monthly_pnl = equity_curve['pnl'].resample('M').sum()
/home/ivan/Desktop/Symbols/Porfolios/trading-strategy-dashboard/analysis_engine.py:137: FutureWarning: 'M' is deprecated and will be removed in a future version, please use 'ME' instead.
  monthly_pnl = equity_curve['pnl'].resample('M').sum()
/home/ivan/Desktop/Symbols/Porfolios/trading-strategy-dashboard/analysis_engine.py:137: FutureWarning: 'M' is deprecated and will be removed in a future version, please use 'ME' instead.
  monthly_pnl = equity_curve['pnl'].resample('M').sum()
/home/ivan/Desktop/Symbols/Porfolios/trading-strategy-dashboard/analysis_engine.py:137: FutureWarning: 'M' is deprecated and will be removed in a future version, please use 'ME' instead.
  monthly_pnl = equity_curve['pnl'].resample('M').sum()
/home/ivan/Desktop/Symbols/Porfolios/trading-strategy-dashboard/analysis_engine.py:137: FutureWarning: 'M' is deprecated and will be removed in a future version, please use 'ME' instead.
  monthly_pnl = equity_curve['pnl'].resample('M').sum()
/home/ivan/Desktop/Symbols/Porfolios/trading-strategy-dashboard/analysis_engine.py:137: FutureWarning: 'M' is deprecated and will be removed in a future version, please use 'ME' instead.
  monthly_pnl = equity_curve['pnl'].resample('M').sum()
/home/ivan/Desktop/Symbols/Porfolios/trading-strategy-dashboard/analysis_engine.py:137: FutureWarning: 'M' is deprecated and will be removed in a future version, please use 'ME' instead.
  monthly_pnl = equity_curve['pnl'].resample('M').sum()
/home/ivan/Desktop/Symbols/Porfolios/trading-strategy-dashboard/analysis_engine.py:137: FutureWarning: 'M' is deprecated and will be removed in a future version, please use 'ME' instead.
  monthly_pnl = equity_curve['pnl'].resample('M').sum()
/home/ivan/Desktop/Symbols/Porfolios/trading-strategy-dashboard/analysis_engine.py:137: FutureWarning: 'M' is deprecated and will be removed in a future version, please use 'ME' instead.
  monthly_pnl = equity_curve['pnl'].resample('M').sum()
/home/ivan/Desktop/Symbols/Porfolios/trading-strategy-dashboard/analysis_engine.py:137: FutureWarning: 'M' is deprecated and will be removed in a future version, please use 'ME' instead.
  monthly_pnl = equity_curve['pnl'].resample('M').sum()
/home/ivan/Desktop/Symbols/Porfolios/trading-strategy-dashboard/analysis_engine.py:137: FutureWarning: 'M' is deprecated and will be removed in a future version, please use 'ME' instead.
  monthly_pnl = equity_curve['pnl'].resample('M').sum()
/home/ivan/Desktop/Symbols/Porfolios/trading-strategy-dashboard/analysis_engine.py:137: FutureWarning: 'M' is deprecated and will be removed in a future version, please use 'ME' instead.
  monthly_pnl = equity_curve['pnl'].resample('M').sum()
/home/ivan/Desktop/Symbols/Porfolios/trading-strategy-dashboard/analysis_engine.py:137: FutureWarning: 'M' is deprecated and will be removed in a future version, please use 'ME' instead.
  monthly_pnl = equity_curve['pnl'].resample('M').sum()
/home/ivan/Desktop/Symbols/Porfolios/trading-strategy-dashboard/analysis_engine.py:137: FutureWarning: 'M' is deprecated and will be removed in a future version, please use 'ME' instead.
  monthly_pnl = equity_curve['pnl'].resample('M').sum()
/home/ivan/Desktop/Symbols/Porfolios/trading-strategy-dashboard/analysis_engine.py:137: FutureWarning: 'M' is deprecated and will be removed in a future version, please use 'ME' instead.
  monthly_pnl = equity_curve['pnl'].resample('M').sum()
/home/ivan/Desktop/Symbols/Porfolios/trading-strategy-dashboard/analysis_engine.py:137: FutureWarning: 'M' is deprecated and will be removed in a future version, please use 'ME' instead.
  monthly_pnl = equity_curve['pnl'].resample('M').sum()
/home/ivan/Desktop/Symbols/Porfolios/trading-strategy-dashboard/analysis_engine.py:137: FutureWarning: 'M' is deprecated and will be removed in a future version, please use 'ME' instead.
  monthly_pnl = equity_curve['pnl'].resample('M').sum()
/home/ivan/Desktop/Symbols/Porfolios/trading-strategy-dashboard/analysis_engine.py:137: FutureWarning: 'M' is deprecated and will be removed in a future version, please use 'ME' instead.
  monthly_pnl = equity_curve['pnl'].resample('M').sum()
/home/ivan/Desktop/Symbols/Porfolios/trading-strategy-dashboard/analysis_engine.py:137: FutureWarning: 'M' is deprecated and will be removed in a future version, please use 'ME' instead.
  monthly_pnl = equity_curve['pnl'].resample('M').sum()
/home/ivan/Desktop/Symbols/Porfolios/trading-strategy-dashboard/analysis_engine.py:137: FutureWarning: 'M' is deprecated and will be removed in a future version, please use 'ME' instead.
  monthly_pnl = equity_curve['pnl'].resample('M').sum()
/home/ivan/Desktop/Symbols/Porfolios/trading-strategy-dashboard/analysis_engine.py:137: FutureWarning: 'M' is deprecated and will be removed in a future version, please use 'ME' instead.
  monthly_pnl = equity_curve['pnl'].resample('M').sum()
/home/ivan/Desktop/Symbols/Porfolios/trading-strategy-dashboard/analysis_engine.py:137: FutureWarning: 'M' is deprecated and will be removed in a future version, please use 'ME' instead.
  monthly_pnl = equity_curve['pnl'].resample('M').sum()
/home/ivan/Desktop/Symbols/Porfolios/trading-strategy-dashboard/analysis_engine.py:137: FutureWarning: 'M' is deprecated and will be removed in a future version, please use 'ME' instead.
  monthly_pnl = equity_curve['pnl'].resample('M').sum()
/home/ivan/Desktop/Symbols/Porfolios/trading-strategy-dashboard/analysis_engine.py:137: FutureWarning: 'M' is deprecated and will be removed in a future version, please use 'ME' instead.
  monthly_pnl = equity_curve['pnl'].resample('M').sum()
/home/ivan/Desktop/Symbols/Porfolios/trading-strategy-dashboard/analysis_engine.py:137: FutureWarning: 'M' is deprecated and will be removed in a future version, please use 'ME' instead.
  monthly_pnl = equity_curve['pnl'].resample('M').sum()
/home/ivan/Desktop/Symbols/Porfolios/trading-strategy-dashboard/analysis_engine.py:137: FutureWarning: 'M' is deprecated and will be removed in a future version, please use 'ME' instead.
  monthly_pnl = equity_curve['pnl'].resample('M').sum()
/home/ivan/Desktop/Symbols/Porfolios/trading-strategy-dashboard/analysis_engine.py:137: FutureWarning: 'M' is deprecated and will be removed in a future version, please use 'ME' instead.
  monthly_pnl = equity_curve['pnl'].resample('M').sum()
/home/ivan/Desktop/Symbols/Porfolios/trading-strategy-dashboard/analysis_engine.py:137: FutureWarning: 'M' is deprecated and will be removed in a future version, please use 'ME' instead.
  monthly_pnl = equity_curve['pnl'].resample('M').sum()
/home/ivan/Desktop/Symbols/Porfolios/trading-strategy-dashboard/analysis_engine.py:137: FutureWarning: 'M' is deprecated and will be removed in a future version, please use 'ME' instead.
  monthly_pnl = equity_curve['pnl'].resample('M').sum()
/home/ivan/Desktop/Symbols/Porfolios/trading-strategy-dashboard/analysis_engine.py:137: FutureWarning: 'M' is deprecated and will be removed in a future version, please use 'ME' instead.
  monthly_pnl = equity_curve['pnl'].resample('M').sum()
/home/ivan/Desktop/Symbols/Porfolios/trading-strategy-dashboard/analysis_engine.py:137: FutureWarning: 'M' is deprecated and will be removed in a future version, please use 'ME' instead.
  monthly_pnl = equity_curve['pnl'].resample('M').sum()
/home/ivan/Desktop/Symbols/Porfolios/trading-strategy-dashboard/analysis_engine.py:137: FutureWarning: 'M' is deprecated and will be removed in a future version, please use 'ME' instead.
  monthly_pnl = equity_curve['pnl'].resample('M').sum()
/home/ivan/Desktop/Symbols/Porfolios/trading-strategy-dashboard/analysis_engine.py:137: FutureWarning: 'M' is deprecated and will be removed in a future version, please use 'ME' instead.
  monthly_pnl = equity_curve['pnl'].resample('M').sum()
/home/ivan/Desktop/Symbols/Porfolios/trading-strategy-dashboard/analysis_engine.py:137: FutureWarning: 'M' is deprecated and will be removed in a future version, please use 'ME' instead.
  monthly_pnl = equity_curve['pnl'].resample('M').sum()
/home/ivan/Desktop/Symbols/Porfolios/trading-strategy-dashboard/analysis_engine.py:137: FutureWarning: 'M' is deprecated and will be removed in a future version, please use 'ME' instead.
  monthly_pnl = equity_curve['pnl'].resample('M').sum()
/home/ivan/Desktop/Symbols/Porfolios/trading-strategy-dashboard/analysis_engine.py:137: FutureWarning: 'M' is deprecated and will be removed in a future version, please use 'ME' instead.
  monthly_pnl = equity_curve['pnl'].resample('M').sum()
/home/ivan/Desktop/Symbols/Porfolios/trading-strategy-dashboard/analysis_engine.py:137: FutureWarning: 'M' is deprecated and will be removed in a future version, please use 'ME' instead.
  monthly_pnl = equity_curve['pnl'].resample('M').sum()
/home/ivan/Desktop/Symbols/Porfolios/trading-strategy-dashboard/analysis_engine.py:137: FutureWarning: 'M' is deprecated and will be removed in a future version, please use 'ME' instead.
  monthly_pnl = equity_curve['pnl'].resample('M').sum()
/home/ivan/Desktop/Symbols/Porfolios/trading-strategy-dashboard/analysis_engine.py:137: FutureWarning: 'M' is deprecated and will be removed in a future version, please use 'ME' instead.
  monthly_pnl = equity_curve['pnl'].resample('M').sum()
/home/ivan/Desktop/Symbols/Porfolios/trading-strategy-dashboard/analysis_engine.py:137: FutureWarning: 'M' is deprecated and will be removed in a future version, please use 'ME' instead.
  monthly_pnl = equity_curve['pnl'].resample('M').sum()
/home/ivan/Desktop/Symbols/Porfolios/trading-strategy-dashboard/analysis_engine.py:137: FutureWarning: 'M' is deprecated and will be removed in a future version, please use 'ME' instead.
  monthly_pnl = equity_curve['pnl'].resample('M').sum()
/home/ivan/Desktop/Symbols/Porfolios/trading-strategy-dashboard/analysis_engine.py:137: FutureWarning: 'M' is deprecated and will be removed in a future version, please use 'ME' instead.
  monthly_pnl = equity_curve['pnl'].resample('M').sum()
/home/ivan/Desktop/Symbols/Porfolios/trading-strategy-dashboard/analysis_engine.py:137: FutureWarning: 'M' is deprecated and will be removed in a future version, please use 'ME' instead.
  monthly_pnl = equity_curve['pnl'].resample('M').sum()
/home/ivan/Desktop/Symbols/Porfolios/trading-strategy-dashboard/analysis_engine.py:137: FutureWarning: 'M' is deprecated and will be removed in a future version, please use 'ME' instead.
  monthly_pnl = equity_curve['pnl'].resample('M').sum()
/home/ivan/Desktop/Symbols/Porfolios/trading-strategy-dashboard/analysis_engine.py:137: FutureWarning: 'M' is deprecated and will be removed in a future version, please use 'ME' instead.
  monthly_pnl = equity_curve['pnl'].resample('M').sum()
/home/ivan/Desktop/Symbols/Porfolios/trading-strategy-dashboard/analysis_engine.py:137: FutureWarning: 'M' is deprecated and will be removed in a future version, please use 'ME' instead.
  monthly_pnl = equity_curve['pnl'].resample('M').sum()
/home/ivan/Desktop/Symbols/Porfolios/trading-strategy-dashboard/analysis_engine.py:137: FutureWarning: 'M' is deprecated and will be removed in a future version, please use 'ME' instead.
  monthly_pnl = equity_curve['pnl'].resample('M').sum()
/home/ivan/Desktop/Symbols/Porfolios/trading-strategy-dashboard/analysis_engine.py:137: FutureWarning: 'M' is deprecated and will be removed in a future version, please use 'ME' instead.
  monthly_pnl = equity_curve['pnl'].resample('M').sum()
/home/ivan/Desktop/Symbols/Porfolios/trading-strategy-dashboard/analysis_engine.py:137: FutureWarning: 'M' is deprecated and will be removed in a future version, please use 'ME' instead.
  monthly_pnl = equity_curve['pnl'].resample('M').sum()
/home/ivan/Desktop/Symbols/Porfolios/trading-strategy-dashboard/analysis_engine.py:137: FutureWarning: 'M' is deprecated and will be removed in a future version, please use 'ME' instead.
  monthly_pnl = equity_curve['pnl'].resample('M').sum()
/home/ivan/Desktop/Symbols/Porfolios/trading-strategy-dashboard/analysis_engine.py:137: FutureWarning: 'M' is deprecated and will be removed in a future version, please use 'ME' instead.
  monthly_pnl = equity_curve['pnl'].resample('M').sum()
/home/ivan/Desktop/Symbols/Porfolios/trading-strategy-dashboard/analysis_engine.py:137: FutureWarning: 'M' is deprecated and will be removed in a future version, please use 'ME' instead.
  monthly_pnl = equity_curve['pnl'].resample('M').sum()
/home/ivan/Desktop/Symbols/Porfolios/trading-strategy-dashboard/analysis_engine.py:137: FutureWarning: 'M' is deprecated and will be removed in a future version, please use 'ME' instead.
  monthly_pnl = equity_curve['pnl'].resample('M').sum()
/home/ivan/Desktop/Symbols/Porfolios/trading-strategy-dashboard/analysis_engine.py:137: FutureWarning: 'M' is deprecated and will be removed in a future version, please use 'ME' instead.
  monthly_pnl = equity_curve['pnl'].resample('M').sum()
/home/ivan/Desktop/Symbols/Porfolios/trading-strategy-dashboard/analysis_engine.py:137: FutureWarning: 'M' is deprecated and will be removed in a future version, please use 'ME' instead.
  monthly_pnl = equity_curve['pnl'].resample('M').sum()
/home/ivan/Desktop/Symbols/Porfolios/trading-strategy-dashboard/analysis_engine.py:137: FutureWarning: 'M' is deprecated and will be removed in a future version, please use 'ME' instead.
  monthly_pnl = equity_curve['pnl'].resample('M').sum()
/home/ivan/Desktop/Symbols/Porfolios/trading-strategy-dashboard/analysis_engine.py:137: FutureWarning: 'M' is deprecated and will be removed in a future version, please use 'ME' instead.
  monthly_pnl = equity_curve['pnl'].resample('M').sum()

--- Endpoint /analysis/full HIT ---
Received 60 strategies and benchmark with 92594 rows.
  Processing strategy 1/60...
  Processing strategy 2/60...
  Processing strategy 3/60...
  Processing strategy 4/60...
  Processing strategy 5/60...
  Processing strategy 6/60...
  Processing strategy 7/60...
  Processing strategy 8/60...
  Processing strategy 9/60...
  Processing strategy 10/60...
  Processing strategy 11/60...
  Processing strategy 12/60...
  Processing strategy 13/60...
  Processing strategy 14/60...
  Processing strategy 15/60...
  Processing strategy 16/60...
  Processing strategy 17/60...
  Processing strategy 18/60...
  Processing strategy 19/60...
  Processing strategy 20/60...
  Processing strategy 21/60...
  Processing strategy 22/60...
  Processing strategy 23/60...
  Processing strategy 24/60...
  Processing strategy 25/60...
  Processing strategy 26/60...
  Processing strategy 27/60...
  Processing strategy 28/60...
  Processing strategy 29/60...
  Processing strategy 30/60...
  Processing strategy 31/60...
  Processing strategy 32/60...
  Processing strategy 33/60...
  Processing strategy 34/60...
  Processing strategy 35/60...
  Processing strategy 36/60...
  Processing strategy 37/60...
  Processing strategy 38/60...
  Processing strategy 39/60...
  Processing strategy 40/60...
  Processing strategy 41/60...
  Processing strategy 42/60...
  Processing strategy 43/60...
  Processing strategy 44/60...
  Processing strategy 45/60...
  Processing strategy 46/60...
  Processing strategy 47/60...
  Processing strategy 48/60...
  Processing strategy 49/60...
  Processing strategy 50/60...
  Processing strategy 51/60...
  Processing strategy 52/60...
  Processing strategy 53/60...
  Processing strategy 54/60...
  Processing strategy 55/60...
  Processing strategy 56/60...
  Processing strategy 57/60...
  Processing strategy 58/60...
  Processing strategy 59/60...
  Processing strategy 60/60...
  -> Strategy 1 analysis complete.
  -> Strategy 2 analysis complete.
  -> Strategy 3 analysis complete.
  -> Strategy 4 analysis complete.
  -> Strategy 5 analysis complete.
  -> Strategy 6 analysis complete.
  -> Strategy 7 analysis complete.
  -> Strategy 8 analysis complete.
  -> Strategy 9 analysis complete.
  -> Strategy 10 analysis complete.
  -> Strategy 11 analysis complete.
  -> Strategy 12 analysis complete.
  -> Strategy 13 analysis complete.
  -> Strategy 14 analysis complete.
  -> Strategy 15 analysis complete.
  -> Strategy 16 analysis complete.
  -> Strategy 17 analysis complete.
  -> Strategy 18 analysis complete.
  -> Strategy 19 analysis complete.
  -> Strategy 20 analysis complete.
  -> Strategy 21 analysis complete.
  -> Strategy 22 analysis complete.
  -> Strategy 23 analysis complete.
  -> Strategy 24 analysis complete.
  -> Strategy 25 analysis complete.
  -> Strategy 26 analysis complete.
  -> Strategy 27 analysis complete.
  -> Strategy 28 analysis complete.
  -> Strategy 29 analysis complete.
  -> Strategy 30 analysis complete.
  -> Strategy 31 analysis complete.
  -> Strategy 32 analysis complete.
  -> Strategy 33 analysis complete.
  -> Strategy 34 analysis complete.
  -> Strategy 35 analysis complete.
  -> Strategy 36 analysis complete.
  -> Strategy 37 analysis complete.
  -> Strategy 38 analysis complete.
  -> Strategy 39 analysis complete.
  -> Strategy 40 analysis complete.
  -> Strategy 41 analysis complete.
  -> Strategy 42 analysis complete.
  -> Strategy 43 analysis complete.
  -> Strategy 44 analysis complete.
  -> Strategy 45 analysis complete.
  -> Strategy 46 analysis complete.
  -> Strategy 47 analysis complete.
  -> Strategy 48 analysis complete.
  -> Strategy 49 analysis complete.
  -> Strategy 50 analysis complete.
  -> Strategy 51 analysis complete.
  -> Strategy 52 analysis complete.
  -> Strategy 53 analysis complete.
  -> Strategy 54 analysis complete.
  -> Strategy 55 analysis complete.
  -> Strategy 56 analysis complete.
  -> Strategy 57 analysis complete.
  -> Strategy 58 analysis complete.
  -> Strategy 59 analysis complete.
  -> Strategy 60 analysis complete.

[BACKEND-LOG] 3. ANÁLISIS COMPLETO. Enviando 60 objetos de resultados al frontend.
INFO:     127.0.0.1:39046 - "POST /analysis/full HTTP/1.1" 200 OK
INFO:     127.0.0.1:43254 - "GET /.well-known/appspecific/com.chrome.devtools.json HTTP/1.1" 404 Not Found
